<?xml version="1.0" encoding="UTF-8"?>
<testsuite xmlns:xsi="http://www.w3.org/2001/XMLSchema-instance" xsi:noNamespaceSchemaLocation="https://maven.apache.org/surefire/maven-surefire-plugin/xsd/surefire-test-report-3.0.xsd" version="3.0" name="TestSuite" time="3.415" tests="9" errors="0" skipped="0" failures="0">
  <properties>
    <property name="java.specification.version" value="15"/>
    <property name="sun.cpu.isalist" value="amd64"/>
    <property name="sun.jnu.encoding" value="Cp1252"/>
    <property name="java.class.path" value="C:\Users\syeda\Documents\TalentTEK\git\Rest_Assured\target\test-classes;C:\Users\syeda\Documents\TalentTEK\git\Rest_Assured\target\classes;C:\Users\syeda\.m2\repository\org\testng\testng\7.4.0\testng-7.4.0.jar;C:\Users\syeda\.m2\repository\com\beust\jcommander\1.78\jcommander-1.78.jar;C:\Users\syeda\.m2\repository\org\webjars\jquery\3.5.1\jquery-3.5.1.jar;C:\Users\syeda\.m2\repository\io\rest-assured\rest-assured\4.3.3\rest-assured-4.3.3.jar;C:\Users\syeda\.m2\repository\org\codehaus\groovy\groovy\3.0.7\groovy-3.0.7.jar;C:\Users\syeda\.m2\repository\org\codehaus\groovy\groovy-xml\3.0.7\groovy-xml-3.0.7.jar;C:\Users\syeda\.m2\repository\org\apache\httpcomponents\httpclient\4.5.3\httpclient-4.5.3.jar;C:\Users\syeda\.m2\repository\org\apache\httpcomponents\httpcore\4.4.6\httpcore-4.4.6.jar;C:\Users\syeda\.m2\repository\commons-logging\commons-logging\1.2\commons-logging-1.2.jar;C:\Users\syeda\.m2\repository\commons-codec\commons-codec\1.9\commons-codec-1.9.jar;C:\Users\syeda\.m2\repository\org\apache\httpcomponents\httpmime\4.5.3\httpmime-4.5.3.jar;C:\Users\syeda\.m2\repository\org\hamcrest\hamcrest\2.1\hamcrest-2.1.jar;C:\Users\syeda\.m2\repository\org\ccil\cowan\tagsoup\tagsoup\1.2.1\tagsoup-1.2.1.jar;C:\Users\syeda\.m2\repository\io\rest-assured\json-path\4.3.3\json-path-4.3.3.jar;C:\Users\syeda\.m2\repository\org\codehaus\groovy\groovy-json\3.0.7\groovy-json-3.0.7.jar;C:\Users\syeda\.m2\repository\io\rest-assured\rest-assured-common\4.3.3\rest-assured-common-4.3.3.jar;C:\Users\syeda\.m2\repository\io\rest-assured\xml-path\4.3.3\xml-path-4.3.3.jar;C:\Users\syeda\.m2\repository\jakarta\xml\bind\jakarta.xml.bind-api\2.3.3\jakarta.xml.bind-api-2.3.3.jar;C:\Users\syeda\.m2\repository\jakarta\activation\jakarta.activation-api\1.2.2\jakarta.activation-api-1.2.2.jar;C:\Users\syeda\.m2\repository\com\sun\xml\bind\jaxb-impl\2.3.3\jaxb-impl-2.3.3.jar;C:\Users\syeda\.m2\repository\com\fasterxml\jackson\core\jackson-core\2.12.0\jackson-core-2.12.0.jar;C:\Users\syeda\.m2\repository\com\fasterxml\jackson\core\jackson-annotations\2.12.0\jackson-annotations-2.12.0.jar;C:\Users\syeda\.m2\repository\com\fasterxml\jackson\core\jackson-databind\2.12.0\jackson-databind-2.12.0.jar;C:\Users\syeda\.m2\repository\org\apache\commons\commons-lang3\3.11\commons-lang3-3.11.jar;C:\Users\syeda\.m2\repository\org\apache\poi\poi-ooxml\4.1.2\poi-ooxml-4.1.2.jar;C:\Users\syeda\.m2\repository\org\apache\poi\poi\4.1.2\poi-4.1.2.jar;C:\Users\syeda\.m2\repository\org\apache\commons\commons-collections4\4.4\commons-collections4-4.4.jar;C:\Users\syeda\.m2\repository\org\apache\commons\commons-math3\3.6.1\commons-math3-3.6.1.jar;C:\Users\syeda\.m2\repository\com\zaxxer\SparseBitSet\1.2\SparseBitSet-1.2.jar;C:\Users\syeda\.m2\repository\org\apache\poi\poi-ooxml-schemas\4.1.2\poi-ooxml-schemas-4.1.2.jar;C:\Users\syeda\.m2\repository\org\apache\xmlbeans\xmlbeans\3.1.0\xmlbeans-3.1.0.jar;C:\Users\syeda\.m2\repository\org\apache\commons\commons-compress\1.19\commons-compress-1.19.jar;C:\Users\syeda\.m2\repository\com\github\virtuald\curvesapi\1.06\curvesapi-1.06.jar;C:\Users\syeda\.m2\repository\org\apache\maven\plugins\maven-compiler-plugin\3.8.1\maven-compiler-plugin-3.8.1.jar;C:\Users\syeda\.m2\repository\org\apache\maven\maven-plugin-api\3.0\maven-plugin-api-3.0.jar;C:\Users\syeda\.m2\repository\org\apache\maven\maven-model\3.0\maven-model-3.0.jar;C:\Users\syeda\.m2\repository\org\sonatype\sisu\sisu-inject-plexus\1.4.2\sisu-inject-plexus-1.4.2.jar;C:\Users\syeda\.m2\repository\org\sonatype\sisu\sisu-inject-bean\1.4.2\sisu-inject-bean-1.4.2.jar;C:\Users\syeda\.m2\repository\org\sonatype\sisu\sisu-guice\2.1.7\sisu-guice-2.1.7-noaop.jar;C:\Users\syeda\.m2\repository\org\apache\maven\maven-artifact\3.0\maven-artifact-3.0.jar;C:\Users\syeda\.m2\repository\org\codehaus\plexus\plexus-utils\2.0.4\plexus-utils-2.0.4.jar;C:\Users\syeda\.m2\repository\org\apache\maven\maven-core\3.0\maven-core-3.0.jar;C:\Users\syeda\.m2\repository\org\apache\maven\maven-settings\3.0\maven-settings-3.0.jar;C:\Users\syeda\.m2\repository\org\apache\maven\maven-settings-builder\3.0\maven-settings-builder-3.0.jar;C:\Users\syeda\.m2\repository\org\apache\maven\maven-repository-metadata\3.0\maven-repository-metadata-3.0.jar;C:\Users\syeda\.m2\repository\org\apache\maven\maven-model-builder\3.0\maven-model-builder-3.0.jar;C:\Users\syeda\.m2\repository\org\apache\maven\maven-aether-provider\3.0\maven-aether-provider-3.0.jar;C:\Users\syeda\.m2\repository\org\sonatype\aether\aether-impl\1.7\aether-impl-1.7.jar;C:\Users\syeda\.m2\repository\org\sonatype\aether\aether-spi\1.7\aether-spi-1.7.jar;C:\Users\syeda\.m2\repository\org\sonatype\aether\aether-api\1.7\aether-api-1.7.jar;C:\Users\syeda\.m2\repository\org\sonatype\aether\aether-util\1.7\aether-util-1.7.jar;C:\Users\syeda\.m2\repository\org\codehaus\plexus\plexus-interpolation\1.14\plexus-interpolation-1.14.jar;C:\Users\syeda\.m2\repository\org\codehaus\plexus\plexus-classworlds\2.2.3\plexus-classworlds-2.2.3.jar;C:\Users\syeda\.m2\repository\org\codehaus\plexus\plexus-component-annotations\1.5.5\plexus-component-annotations-1.5.5.jar;C:\Users\syeda\.m2\repository\org\sonatype\plexus\plexus-sec-dispatcher\1.3\plexus-sec-dispatcher-1.3.jar;C:\Users\syeda\.m2\repository\org\sonatype\plexus\plexus-cipher\1.4\plexus-cipher-1.4.jar;C:\Users\syeda\.m2\repository\org\apache\maven\shared\maven-shared-utils\3.2.1\maven-shared-utils-3.2.1.jar;C:\Users\syeda\.m2\repository\commons-io\commons-io\2.5\commons-io-2.5.jar;C:\Users\syeda\.m2\repository\org\apache\maven\shared\maven-shared-incremental\1.1\maven-shared-incremental-1.1.jar;C:\Users\syeda\.m2\repository\org\codehaus\plexus\plexus-java\0.9.10\plexus-java-0.9.10.jar;C:\Users\syeda\.m2\repository\org\ow2\asm\asm\6.2\asm-6.2.jar;C:\Users\syeda\.m2\repository\com\thoughtworks\qdox\qdox\2.0-M8\qdox-2.0-M8.jar;C:\Users\syeda\.m2\repository\org\codehaus\plexus\plexus-compiler-api\2.8.4\plexus-compiler-api-2.8.4.jar;C:\Users\syeda\.m2\repository\org\codehaus\plexus\plexus-compiler-manager\2.8.4\plexus-compiler-manager-2.8.4.jar;C:\Users\syeda\.m2\repository\org\codehaus\plexus\plexus-compiler-javac\2.8.4\plexus-compiler-javac-2.8.4.jar;C:\Users\syeda\.m2\repository\io\rest-assured\json-schema-validator\4.2.0\json-schema-validator-4.2.0.jar;C:\Users\syeda\.m2\repository\com\github\java-json-tools\json-schema-validator\2.2.10\json-schema-validator-2.2.10.jar;C:\Users\syeda\.m2\repository\com\github\java-json-tools\json-schema-core\1.2.10\json-schema-core-1.2.10.jar;C:\Users\syeda\.m2\repository\com\github\java-json-tools\jackson-coreutils\1.9\jackson-coreutils-1.9.jar;C:\Users\syeda\.m2\repository\com\google\guava\guava\16.0.1\guava-16.0.1.jar;C:\Users\syeda\.m2\repository\com\github\fge\msg-simple\1.1\msg-simple-1.1.jar;C:\Users\syeda\.m2\repository\com\github\fge\btf\1.2\btf-1.2.jar;C:\Users\syeda\.m2\repository\com\github\fge\uri-template\0.9\uri-template-0.9.jar;C:\Users\syeda\.m2\repository\org\mozilla\rhino\1.7.7.1\rhino-1.7.7.1.jar;C:\Users\syeda\.m2\repository\javax\mail\mailapi\1.4.3\mailapi-1.4.3.jar;C:\Users\syeda\.m2\repository\javax\activation\activation\1.1\activation-1.1.jar;C:\Users\syeda\.m2\repository\joda-time\joda-time\2.9.7\joda-time-2.9.7.jar;C:\Users\syeda\.m2\repository\com\googlecode\libphonenumber\libphonenumber\8.0.0\libphonenumber-8.0.0.jar;C:\Users\syeda\.m2\repository\com\google\code\findbugs\jsr305\3.0.1\jsr305-3.0.1.jar;C:\Users\syeda\.m2\repository\net\sf\jopt-simple\jopt-simple\5.0.3\jopt-simple-5.0.3.jar;C:\Users\syeda\.m2\repository\com\github\javafaker\javafaker\1.0.2\javafaker-1.0.2.jar;C:\Users\syeda\.m2\repository\org\yaml\snakeyaml\1.23\snakeyaml-1.23-android.jar;C:\Users\syeda\.m2\repository\com\github\mifmif\generex\1.0.2\generex-1.0.2.jar;C:\Users\syeda\.m2\repository\dk\brics\automaton\automaton\1.11-8\automaton-1.11-8.jar;C:\Users\syeda\.m2\repository\com\aventstack\extentreports\5.0.7\extentreports-5.0.7.jar;C:\Users\syeda\.m2\repository\io\reactivex\rxjava3\rxjava\3.0.4\rxjava-3.0.4.jar;C:\Users\syeda\.m2\repository\org\reactivestreams\reactive-streams\1.0.3\reactive-streams-1.0.3.jar;C:\Users\syeda\.m2\repository\org\freemarker\freemarker\2.3.30\freemarker-2.3.30.jar;C:\Users\syeda\.m2\repository\org\projectlombok\lombok\1.18.12\lombok-1.18.12.jar;C:\Users\syeda\.m2\repository\com\google\code\gson\gson\2.8.6\gson-2.8.6.jar;"/>
    <property name="java.vm.vendor" value="Oracle Corporation"/>
    <property name="sun.arch.data.model" value="64"/>
    <property name="user.variant" value=""/>
    <property name="java.vendor.url" value="https://java.oracle.com/"/>
    <property name="user.timezone" value="America/New_York"/>
    <property name="os.name" value="Windows 10"/>
    <property name="java.vm.specification.version" value="15"/>
    <property name="sun.java.launcher" value="SUN_STANDARD"/>
    <property name="user.country" value="US"/>
    <property name="sun.boot.library.path" value="C:\Program Files\Java\jdk-15.0.1\bin"/>
    <property name="sun.java.command" value="C:\Users\syeda\AppData\Local\Temp\surefire18437064809658717407\surefirebooter16969298389894093825.jar C:\Users\syeda\AppData\Local\Temp\surefire18437064809658717407 2021-11-15T00-41-41_090-jvmRun1 surefire15308131932909716540tmp surefire_07417385217682686460tmp"/>
    <property name="jdk.debug" value="release"/>
    <property name="surefire.test.class.path" value="C:\Users\syeda\Documents\TalentTEK\git\Rest_Assured\target\test-classes;C:\Users\syeda\Documents\TalentTEK\git\Rest_Assured\target\classes;C:\Users\syeda\.m2\repository\org\testng\testng\7.4.0\testng-7.4.0.jar;C:\Users\syeda\.m2\repository\com\beust\jcommander\1.78\jcommander-1.78.jar;C:\Users\syeda\.m2\repository\org\webjars\jquery\3.5.1\jquery-3.5.1.jar;C:\Users\syeda\.m2\repository\io\rest-assured\rest-assured\4.3.3\rest-assured-4.3.3.jar;C:\Users\syeda\.m2\repository\org\codehaus\groovy\groovy\3.0.7\groovy-3.0.7.jar;C:\Users\syeda\.m2\repository\org\codehaus\groovy\groovy-xml\3.0.7\groovy-xml-3.0.7.jar;C:\Users\syeda\.m2\repository\org\apache\httpcomponents\httpclient\4.5.3\httpclient-4.5.3.jar;C:\Users\syeda\.m2\repository\org\apache\httpcomponents\httpcore\4.4.6\httpcore-4.4.6.jar;C:\Users\syeda\.m2\repository\commons-logging\commons-logging\1.2\commons-logging-1.2.jar;C:\Users\syeda\.m2\repository\commons-codec\commons-codec\1.9\commons-codec-1.9.jar;C:\Users\syeda\.m2\repository\org\apache\httpcomponents\httpmime\4.5.3\httpmime-4.5.3.jar;C:\Users\syeda\.m2\repository\org\hamcrest\hamcrest\2.1\hamcrest-2.1.jar;C:\Users\syeda\.m2\repository\org\ccil\cowan\tagsoup\tagsoup\1.2.1\tagsoup-1.2.1.jar;C:\Users\syeda\.m2\repository\io\rest-assured\json-path\4.3.3\json-path-4.3.3.jar;C:\Users\syeda\.m2\repository\org\codehaus\groovy\groovy-json\3.0.7\groovy-json-3.0.7.jar;C:\Users\syeda\.m2\repository\io\rest-assured\rest-assured-common\4.3.3\rest-assured-common-4.3.3.jar;C:\Users\syeda\.m2\repository\io\rest-assured\xml-path\4.3.3\xml-path-4.3.3.jar;C:\Users\syeda\.m2\repository\jakarta\xml\bind\jakarta.xml.bind-api\2.3.3\jakarta.xml.bind-api-2.3.3.jar;C:\Users\syeda\.m2\repository\jakarta\activation\jakarta.activation-api\1.2.2\jakarta.activation-api-1.2.2.jar;C:\Users\syeda\.m2\repository\com\sun\xml\bind\jaxb-impl\2.3.3\jaxb-impl-2.3.3.jar;C:\Users\syeda\.m2\repository\com\fasterxml\jackson\core\jackson-core\2.12.0\jackson-core-2.12.0.jar;C:\Users\syeda\.m2\repository\com\fasterxml\jackson\core\jackson-annotations\2.12.0\jackson-annotations-2.12.0.jar;C:\Users\syeda\.m2\repository\com\fasterxml\jackson\core\jackson-databind\2.12.0\jackson-databind-2.12.0.jar;C:\Users\syeda\.m2\repository\org\apache\commons\commons-lang3\3.11\commons-lang3-3.11.jar;C:\Users\syeda\.m2\repository\org\apache\poi\poi-ooxml\4.1.2\poi-ooxml-4.1.2.jar;C:\Users\syeda\.m2\repository\org\apache\poi\poi\4.1.2\poi-4.1.2.jar;C:\Users\syeda\.m2\repository\org\apache\commons\commons-collections4\4.4\commons-collections4-4.4.jar;C:\Users\syeda\.m2\repository\org\apache\commons\commons-math3\3.6.1\commons-math3-3.6.1.jar;C:\Users\syeda\.m2\repository\com\zaxxer\SparseBitSet\1.2\SparseBitSet-1.2.jar;C:\Users\syeda\.m2\repository\org\apache\poi\poi-ooxml-schemas\4.1.2\poi-ooxml-schemas-4.1.2.jar;C:\Users\syeda\.m2\repository\org\apache\xmlbeans\xmlbeans\3.1.0\xmlbeans-3.1.0.jar;C:\Users\syeda\.m2\repository\org\apache\commons\commons-compress\1.19\commons-compress-1.19.jar;C:\Users\syeda\.m2\repository\com\github\virtuald\curvesapi\1.06\curvesapi-1.06.jar;C:\Users\syeda\.m2\repository\org\apache\maven\plugins\maven-compiler-plugin\3.8.1\maven-compiler-plugin-3.8.1.jar;C:\Users\syeda\.m2\repository\org\apache\maven\maven-plugin-api\3.0\maven-plugin-api-3.0.jar;C:\Users\syeda\.m2\repository\org\apache\maven\maven-model\3.0\maven-model-3.0.jar;C:\Users\syeda\.m2\repository\org\sonatype\sisu\sisu-inject-plexus\1.4.2\sisu-inject-plexus-1.4.2.jar;C:\Users\syeda\.m2\repository\org\sonatype\sisu\sisu-inject-bean\1.4.2\sisu-inject-bean-1.4.2.jar;C:\Users\syeda\.m2\repository\org\sonatype\sisu\sisu-guice\2.1.7\sisu-guice-2.1.7-noaop.jar;C:\Users\syeda\.m2\repository\org\apache\maven\maven-artifact\3.0\maven-artifact-3.0.jar;C:\Users\syeda\.m2\repository\org\codehaus\plexus\plexus-utils\2.0.4\plexus-utils-2.0.4.jar;C:\Users\syeda\.m2\repository\org\apache\maven\maven-core\3.0\maven-core-3.0.jar;C:\Users\syeda\.m2\repository\org\apache\maven\maven-settings\3.0\maven-settings-3.0.jar;C:\Users\syeda\.m2\repository\org\apache\maven\maven-settings-builder\3.0\maven-settings-builder-3.0.jar;C:\Users\syeda\.m2\repository\org\apache\maven\maven-repository-metadata\3.0\maven-repository-metadata-3.0.jar;C:\Users\syeda\.m2\repository\org\apache\maven\maven-model-builder\3.0\maven-model-builder-3.0.jar;C:\Users\syeda\.m2\repository\org\apache\maven\maven-aether-provider\3.0\maven-aether-provider-3.0.jar;C:\Users\syeda\.m2\repository\org\sonatype\aether\aether-impl\1.7\aether-impl-1.7.jar;C:\Users\syeda\.m2\repository\org\sonatype\aether\aether-spi\1.7\aether-spi-1.7.jar;C:\Users\syeda\.m2\repository\org\sonatype\aether\aether-api\1.7\aether-api-1.7.jar;C:\Users\syeda\.m2\repository\org\sonatype\aether\aether-util\1.7\aether-util-1.7.jar;C:\Users\syeda\.m2\repository\org\codehaus\plexus\plexus-interpolation\1.14\plexus-interpolation-1.14.jar;C:\Users\syeda\.m2\repository\org\codehaus\plexus\plexus-classworlds\2.2.3\plexus-classworlds-2.2.3.jar;C:\Users\syeda\.m2\repository\org\codehaus\plexus\plexus-component-annotations\1.5.5\plexus-component-annotations-1.5.5.jar;C:\Users\syeda\.m2\repository\org\sonatype\plexus\plexus-sec-dispatcher\1.3\plexus-sec-dispatcher-1.3.jar;C:\Users\syeda\.m2\repository\org\sonatype\plexus\plexus-cipher\1.4\plexus-cipher-1.4.jar;C:\Users\syeda\.m2\repository\org\apache\maven\shared\maven-shared-utils\3.2.1\maven-shared-utils-3.2.1.jar;C:\Users\syeda\.m2\repository\commons-io\commons-io\2.5\commons-io-2.5.jar;C:\Users\syeda\.m2\repository\org\apache\maven\shared\maven-shared-incremental\1.1\maven-shared-incremental-1.1.jar;C:\Users\syeda\.m2\repository\org\codehaus\plexus\plexus-java\0.9.10\plexus-java-0.9.10.jar;C:\Users\syeda\.m2\repository\org\ow2\asm\asm\6.2\asm-6.2.jar;C:\Users\syeda\.m2\repository\com\thoughtworks\qdox\qdox\2.0-M8\qdox-2.0-M8.jar;C:\Users\syeda\.m2\repository\org\codehaus\plexus\plexus-compiler-api\2.8.4\plexus-compiler-api-2.8.4.jar;C:\Users\syeda\.m2\repository\org\codehaus\plexus\plexus-compiler-manager\2.8.4\plexus-compiler-manager-2.8.4.jar;C:\Users\syeda\.m2\repository\org\codehaus\plexus\plexus-compiler-javac\2.8.4\plexus-compiler-javac-2.8.4.jar;C:\Users\syeda\.m2\repository\io\rest-assured\json-schema-validator\4.2.0\json-schema-validator-4.2.0.jar;C:\Users\syeda\.m2\repository\com\github\java-json-tools\json-schema-validator\2.2.10\json-schema-validator-2.2.10.jar;C:\Users\syeda\.m2\repository\com\github\java-json-tools\json-schema-core\1.2.10\json-schema-core-1.2.10.jar;C:\Users\syeda\.m2\repository\com\github\java-json-tools\jackson-coreutils\1.9\jackson-coreutils-1.9.jar;C:\Users\syeda\.m2\repository\com\google\guava\guava\16.0.1\guava-16.0.1.jar;C:\Users\syeda\.m2\repository\com\github\fge\msg-simple\1.1\msg-simple-1.1.jar;C:\Users\syeda\.m2\repository\com\github\fge\btf\1.2\btf-1.2.jar;C:\Users\syeda\.m2\repository\com\github\fge\uri-template\0.9\uri-template-0.9.jar;C:\Users\syeda\.m2\repository\org\mozilla\rhino\1.7.7.1\rhino-1.7.7.1.jar;C:\Users\syeda\.m2\repository\javax\mail\mailapi\1.4.3\mailapi-1.4.3.jar;C:\Users\syeda\.m2\repository\javax\activation\activation\1.1\activation-1.1.jar;C:\Users\syeda\.m2\repository\joda-time\joda-time\2.9.7\joda-time-2.9.7.jar;C:\Users\syeda\.m2\repository\com\googlecode\libphonenumber\libphonenumber\8.0.0\libphonenumber-8.0.0.jar;C:\Users\syeda\.m2\repository\com\google\code\findbugs\jsr305\3.0.1\jsr305-3.0.1.jar;C:\Users\syeda\.m2\repository\net\sf\jopt-simple\jopt-simple\5.0.3\jopt-simple-5.0.3.jar;C:\Users\syeda\.m2\repository\com\github\javafaker\javafaker\1.0.2\javafaker-1.0.2.jar;C:\Users\syeda\.m2\repository\org\yaml\snakeyaml\1.23\snakeyaml-1.23-android.jar;C:\Users\syeda\.m2\repository\com\github\mifmif\generex\1.0.2\generex-1.0.2.jar;C:\Users\syeda\.m2\repository\dk\brics\automaton\automaton\1.11-8\automaton-1.11-8.jar;C:\Users\syeda\.m2\repository\com\aventstack\extentreports\5.0.7\extentreports-5.0.7.jar;C:\Users\syeda\.m2\repository\io\reactivex\rxjava3\rxjava\3.0.4\rxjava-3.0.4.jar;C:\Users\syeda\.m2\repository\org\reactivestreams\reactive-streams\1.0.3\reactive-streams-1.0.3.jar;C:\Users\syeda\.m2\repository\org\freemarker\freemarker\2.3.30\freemarker-2.3.30.jar;C:\Users\syeda\.m2\repository\org\projectlombok\lombok\1.18.12\lombok-1.18.12.jar;C:\Users\syeda\.m2\repository\com\google\code\gson\gson\2.8.6\gson-2.8.6.jar;"/>
    <property name="sun.cpu.endian" value="little"/>
    <property name="user.home" value="C:\Users\syeda"/>
    <property name="user.language" value="en"/>
    <property name="java.specification.vendor" value="Oracle Corporation"/>
    <property name="java.version.date" value="2020-10-20"/>
    <property name="java.home" value="C:\Program Files\Java\jdk-15.0.1"/>
    <property name="file.separator" value="\"/>
    <property name="basedir" value="C:\Users\syeda\Documents\TalentTEK\git\Rest_Assured"/>
    <property name="java.vm.compressedOopsMode" value="Zero based"/>
    <property name="line.separator" value="&#10;"/>
    <property name="java.vm.specification.vendor" value="Oracle Corporation"/>
    <property name="java.specification.name" value="Java Platform API Specification"/>
    <property name="surefire.real.class.path" value="C:\Users\syeda\AppData\Local\Temp\surefire18437064809658717407\surefirebooter16969298389894093825.jar"/>
    <property name="user.script" value=""/>
    <property name="sun.management.compiler" value="HotSpot 64-Bit Tiered Compilers"/>
    <property name="java.runtime.version" value="15.0.1+9-18"/>
    <property name="user.name" value="syeda"/>
    <property name="path.separator" value=";"/>
    <property name="os.version" value="10.0"/>
    <property name="java.runtime.name" value="Java(TM) SE Runtime Environment"/>
    <property name="file.encoding" value="Cp1252"/>
    <property name="java.vm.name" value="Java HotSpot(TM) 64-Bit Server VM"/>
    <property name="localRepository" value="C:\Users\syeda\.m2\repository"/>
    <property name="java.vendor.url.bug" value="https://bugreport.java.com/bugreport/"/>
    <property name="java.io.tmpdir" value="C:\Users\syeda\AppData\Local\Temp\"/>
    <property name="java.version" value="15.0.1"/>
    <property name="user.dir" value="C:\Users\syeda\Documents\TalentTEK\git\Rest_Assured"/>
    <property name="os.arch" value="amd64"/>
    <property name="java.vm.specification.name" value="Java Virtual Machine Specification"/>
    <property name="sun.os.patch.level" value=""/>
    <property name="java.library.path" value="C:\Program Files\Java\jdk-15.0.1\bin;C:\Windows\Sun\Java\bin;C:\Windows\system32;C:\Windows;C:\Program Files\Common Files\Oracle\Java\javapath;C:\Windows\system32;C:\Windows;C:\Windows\System32\Wbem;C:\Windows\System32\WindowsPowerShell\v1.0\;C:\Windows\System32\OpenSSH\;C:\Program Files (x86)\NVIDIA Corporation\PhysX\Common;C:\Temp\Selenium\Maven\apache-maven-3.6.0\bin;C:\Program Files (x86)\PuTTY\;C:\Program Files (x86)\Micro Focus\Unified Functional Testing\bin;C:\Program Files\Git\cmd;C:\apache-maven-3.8.2\bin;C:\Program Files (x86)\Symantec\VIP Access Client\;C:\Users\syeda\AppData\Local\Microsoft\WindowsApps;;C:\Users\syeda\AppData\Local\JetBrains\IntelliJ IDEA Educational Edition 2021.2\bin;;C:\Program Files\JetBrains\IntelliJ IDEA Community Edition 2021.2.2\bin;;."/>
    <property name="java.vm.info" value="mixed mode, sharing"/>
    <property name="java.vendor" value="Oracle Corporation"/>
    <property name="java.vm.version" value="15.0.1+9-18"/>
    <property name="sun.io.unicode.encoding" value="UnicodeLittle"/>
    <property name="java.class.version" value="59.0"/>
  </properties>
  <testcase name="signUpTTech" classname="talentTek.TTechPostGetTest" time="1.747">
    <system-out><![CDATA[201
{"success":true,"message":"Registration Success","id":"TTCuy0m2"}
"TTCuy0m2"
]]></system-out>
  </testcase>
  <testcase name="getStudentInfo" classname="talentTek.TTechPostGetTest" time="0.117">
    <system-out><![CDATA[200
{"status":200,"message":"Student Found","data":{"firstName":"Kris","lastName":"Bradtke","studentId":"TTCuy0m2","email":"Test2524@gmail.com","gender":"male","dob":"2011-11-15","agree":true}}
"TTCuy0m2"
]]></system-out>
  </testcase>
  <testcase name="studentLogin" classname="talentTek.TTechPutPatchTest" time="0.211">
    <system-out><![CDATA[200
{"success":true,"status code":200,"message":"Login Success","token":"eyJ0eXAiOiJKV1QiLCJhbGciOiJIUzI1NiJ9.eyJpc3MiOiJodHRwOlwvXC9xYS50YWx0ZWt0Yy5jb20iLCJhdWQiOiJUSEVfQVVESUVOQ0UiLCJpYXQiOjE2MzY5NTQ5MDUsIm5iZiI6MTYzNjk1NDkxNSwiZXhwIjoxNjM3MDQxMzA1LCJpc19hZG1pbiI6ZmFsc2UsImRhdGEiOnsiaWQiOiIzMSIsImZpcnN0X25hbWUiOiJLcmlzIiwibGFzdF9uYW1lIjoiQnJhZHRrZSIsImVtYWlsIjoiVGVzdDI1MjRAZ21haWwuY29tIiwic3R1ZGVudElkIjoiVFRDdXkwbTIifX0.kfmFP_INEq6tl360d8pTBE1MP0cb3jMr7GxAUT0QF6g"}
"eyJ0eXAiOiJKV1QiLCJhbGciOiJIUzI1NiJ9.eyJpc3MiOiJodHRwOlwvXC9xYS50YWx0ZWt0Yy5jb20iLCJhdWQiOiJUSEVfQVVESUVOQ0UiLCJpYXQiOjE2MzY5NTQ5MDUsIm5iZiI6MTYzNjk1NDkxNSwiZXhwIjoxNjM3MDQxMzA1LCJpc19hZG1pbiI6ZmFsc2UsImRhdGEiOnsiaWQiOiIzMSIsImZpcnN0X25hbWUiOiJLcmlzIiwibGFzdF9uYW1lIjoiQnJhZHRrZSIsImVtYWlsIjoiVGVzdDI1MjRAZ21haWwuY29tIiwic3R1ZGVudElkIjoiVFRDdXkwbTIifX0.kfmFP_INEq6tl360d8pTBE1MP0cb3jMr7GxAUT0QF6g"
]]></system-out>
  </testcase>
  <testcase name="studentPutTTech" classname="talentTek.TTechPutPatchTest" time="0.008">
    <system-out><![CDATA[200
{"success":true,"message":"Update success"}
]]></system-out>
  </testcase>
  <testcase name="patchTTechTest" classname="talentTek.TTechPatchGetTest" time="0.169">
    <system-out><![CDATA[200
{"success":true,"message":"Password update success"}
]]></system-out>
  </testcase>
  <testcase name="studentLoginWithUpdatedPassword" classname="talentTek.TTechPatchGetTest" time="0.194">
    <system-out><![CDATA[200
{"success":true,"status code":200,"message":"Login Success","token":"eyJ0eXAiOiJKV1QiLCJhbGciOiJIUzI1NiJ9.eyJpc3MiOiJodHRwOlwvXC9xYS50YWx0ZWt0Yy5jb20iLCJhdWQiOiJUSEVfQVVESUVOQ0UiLCJpYXQiOjE2MzY5NTQ5MDYsIm5iZiI6MTYzNjk1NDkxNiwiZXhwIjoxNjM3MDQxMzA2LCJpc19hZG1pbiI6ZmFsc2UsImRhdGEiOnsiaWQiOiIzMSIsImZpcnN0X25hbWUiOiJMZXZpIiwibGFzdF9uYW1lIjoiUGZlZmZlciIsImVtYWlsIjoiVGVzdDI1MjRAZ21haWwuY29tIiwic3R1ZGVudElkIjoiVFRDdXkwbTIifX0.80wQ5OxIaJfS1a0e26QadkgRghiodkUyuwk57XBz00w"}
]]></system-out>
  </testcase>
  <testcase name="studentDeleteTest" classname="talentTek.TTechDeleteGetTest" time="0.049">
    <system-out><![CDATA[200
{"success":true,"messages":"Data Deleted"}
]]></system-out>
  </testcase>
  <testcase name="studentDeleteVerify" classname="talentTek.TTechDeleteGetTest" time="0.089">
    <system-out><![CDATA[404
{"status":404,"error":404,"messages":{"error":"No Student Found with id TTCuy0m2"}}
]]></system-out>
  </testcase>
  <testcase name="allStudentsInfo" classname="talentTek.TTechGetAllStudents" time="0.129">
    <system-out><![CDATA[200
"daniell.rohan@example.com"
"Admin"
"Bogan"
"Pacocha"
"Metz"
"Hodkiewicz"
"Goldner"
"Feest"
"test"
"Batch"
"test"
"Gleichner"
"Kub"
"Test"
"Kanchon"
"Sipes"
"Marquardt"
"sdfsdf"
"test"
"Reynolds"
"Schmitt"
"Grant"
"Romaguera"
"Green"
"Kihn"
"Murphy"
"Harvey"
]]></system-out>
  </testcase>
</testsuite>