<?xml version="1.0" encoding="UTF-8"?>
<!-- Generated by org.testng.reporters.JUnitReportReporter -->
<testsuite hostname="DESKTOP-2CK62EB" failures="0" tests="1" name="talentTek.TTechGetAllStudents" time="0.092" errors="0" timestamp="2021-11-15T00:41:45 EST" skipped="0">
  <testcase classname="talentTek.TTechGetAllStudents" name="allStudentsInfo" time="0.092"/>
  <system-out/>
</testsuite> <!-- talentTek.TTechGetAllStudents -->
