<?xml version="1.0" encoding="UTF-8"?>
<!-- Generated by org.testng.reporters.JUnitReportReporter -->
<testsuite hostname="DESKTOP-2CK62EB" failures="0" tests="2" name="talentTek.TTechPostGetTest" time="1.831" errors="0" timestamp="2021-11-15T00:41:45 EST" skipped="0">
  <testcase classname="talentTek.TTechPostGetTest" name="signUpTTech" time="1.732"/>
  <system-out/>
  <testcase classname="talentTek.TTechPostGetTest" name="getStudentInfo" time="0.099"/>
  <system-out/>
</testsuite> <!-- talentTek.TTechPostGetTest -->
