<?xml version="1.0" encoding="UTF-8"?>
<!-- Generated by org.testng.reporters.JUnitReportReporter -->
<testsuite hostname="DESKTOP-2CK62EB" failures="0" tests="2" name="talentTek.TTechDeleteGetTest" time="0.182" errors="0" timestamp="2021-11-15T00:41:45 EST" skipped="0">
  <testcase classname="talentTek.TTechDeleteGetTest" name="studentDeleteVerify" time="0.084"/>
  <system-out/>
  <testcase classname="talentTek.TTechDeleteGetTest" name="studentDeleteTest" time="0.098"/>
  <system-out/>
</testsuite> <!-- talentTek.TTechDeleteGetTest -->
