<?xml version="1.0" encoding="UTF-8"?>
<!-- Generated by org.testng.reporters.JUnitReportReporter -->
<testsuite hostname="DESKTOP-2CK62EB" failures="0" tests="2" name="talentTek.TTechPatchGetTest" time="0.315" errors="0" timestamp="2021-11-15T00:41:45 EST" skipped="0">
  <testcase classname="talentTek.TTechPatchGetTest" name="patchTTechTest" time="0.169"/>
  <system-out/>
  <testcase classname="talentTek.TTechPatchGetTest" name="studentLoginWithUpdatedPassword" time="0.146"/>
  <system-out/>
</testsuite> <!-- talentTek.TTechPatchGetTest -->
