<?xml version="1.0" encoding="UTF-8"?>
<!-- Generated by org.testng.reporters.JUnitReportReporter -->
<testsuite hostname="DESKTOP-2CK62EB" failures="0" tests="2" name="talentTek.TTechPutPatchTest" time="0.238" errors="0" timestamp="2021-11-15T00:41:45 EST" skipped="0">
  <testcase classname="talentTek.TTechPutPatchTest" name="studentPutTTech" time="0.102"/>
  <system-out/>
  <testcase classname="talentTek.TTechPutPatchTest" name="studentLogin" time="0.136"/>
  <system-out/>
</testsuite> <!-- talentTek.TTechPutPatchTest -->
